Using pre-set license
Built from '2022.3/staging' branch; Version is '2022.3.21f1 (bf09ca542b87) revision 12519882'; Using compiler version '192829333'; Build Type 'Release'
OS: 'Windows 11  (10.0.22631) 64bit Professional' Language: 'ru' Physical Memory: 16087 MB
BatchMode: 1, IsHumanControllingUs: 0, StartBugReporterOnCrash: 0, Is64bit: 1, IsPro: 1

COMMAND LINE ARGUMENTS:
C:\Program Files\Unity\Hub\Editor\2022.3.21f1\Editor\Unity.exe
-adb2
-batchMode
-noUpm
-name
AssetImportWorker0
-projectPath
C:/Users/Радмир/Documents/GitHub/TestStandJJBA/My project (1)
-logFile
Logs/AssetImportWorker0.log
-srvPort
61337
Successfully changed project path to: C:/Users/Радмир/Documents/GitHub/TestStandJJBA/My project (1)
C:/Users/Радмир/Documents/GitHub/TestStandJJBA/My project (1)
[UnityMemory] Configuration Parameters - Can be set up in boot.config
    "memorysetup-bucket-allocator-granularity=16"
    "memorysetup-bucket-allocator-bucket-count=8"
    "memorysetup-bucket-allocator-block-size=33554432"
    "memorysetup-bucket-allocator-block-count=8"
    "memorysetup-main-allocator-block-size=16777216"
    "memorysetup-thread-allocator-block-size=16777216"
    "memorysetup-gfx-main-allocator-block-size=16777216"
    "memorysetup-gfx-thread-allocator-block-size=16777216"
    "memorysetup-cache-allocator-block-size=4194304"
    "memorysetup-typetree-allocator-block-size=2097152"
    "memorysetup-profiler-bucket-allocator-granularity=16"
    "memorysetup-profiler-bucket-allocator-bucket-count=8"
    "memorysetup-profiler-bucket-allocator-block-size=33554432"
    "memorysetup-profiler-bucket-allocator-block-count=8"
    "memorysetup-profiler-allocator-block-size=16777216"
    "memorysetup-profiler-editor-allocator-block-size=1048576"
    "memorysetup-temp-allocator-size-main=16777216"
    "memorysetup-job-temp-allocator-block-size=2097152"
    "memorysetup-job-temp-allocator-block-size-background=1048576"
    "memorysetup-job-temp-allocator-reduction-small-platforms=262144"
    "memorysetup-allocator-temp-initial-block-size-main=262144"
    "memorysetup-allocator-temp-initial-block-size-worker=262144"
    "memorysetup-temp-allocator-size-background-worker=32768"
    "memorysetup-temp-allocator-size-job-worker=262144"
    "memorysetup-temp-allocator-size-preload-manager=33554432"
    "memorysetup-temp-allocator-size-nav-mesh-worker=65536"
    "memorysetup-temp-allocator-size-audio-worker=65536"
    "memorysetup-temp-allocator-size-cloud-worker=32768"
    "memorysetup-temp-allocator-size-gi-baking-worker=262144"
    "memorysetup-temp-allocator-size-gfx=262144"
Player connection [26700] Host "[IP] 192.168.0.129 [Port] 0 [Flags] 2 [Guid] 2206552916 [EditorId] 2206552916 [Version] 1048832 [Id] WindowsEditor(7,DESKTOP-L4HRKB1) [Debug] 1 [PackageName] WindowsEditor [ProjectName] Editor" joined multi-casting on [225.0.0.222:54997]...

Player connection [26700] Host "[IP] 192.168.0.129 [Port] 0 [Flags] 2 [Guid] 2206552916 [EditorId] 2206552916 [Version] 1048832 [Id] WindowsEditor(7,DESKTOP-L4HRKB1) [Debug] 1 [PackageName] WindowsEditor [ProjectName] Editor" joined alternative multi-casting on [225.0.0.222:34997]...

[Physics::Module] Initialized MultithreadedJobDispatcher with 11 workers.
Refreshing native plugins compatible for Editor in 5.33 ms, found 3 plugins.
Preloading 0 native plugins for Editor in 0.00 ms.
Initialize engine version: 2022.3.21f1 (bf09ca542b87)
[Subsystems] Discovering subsystems at path C:/Program Files/Unity/Hub/Editor/2022.3.21f1/Editor/Data/Resources/UnitySubsystems
[Subsystems] Discovering subsystems at path C:/Users/Радмир/Documents/GitHub/TestStandJJBA/My project (1)/Assets
GfxDevice: creating device client; threaded=0; jobified=0
Direct3D:
    Version:  Direct3D 11.0 [level 11.1]
    Renderer: NVIDIA GeForce RTX 3050 6GB Laptop GPU (ID=0x25ac)
    Vendor:   NVIDIA
    VRAM:     6002 MB
    Driver:   32.0.15.6070
Initialize mono
Mono path[0] = 'C:/Program Files/Unity/Hub/Editor/2022.3.21f1/Editor/Data/Managed'
Mono path[1] = 'C:/Program Files/Unity/Hub/Editor/2022.3.21f1/Editor/Data/MonoBleedingEdge/lib/mono/unityjit-win32'
Mono config path = 'C:/Program Files/Unity/Hub/Editor/2022.3.21f1/Editor/Data/MonoBleedingEdge/etc'
Using monoOptions --debugger-agent=transport=dt_socket,embedding=1,server=y,suspend=n,address=127.0.0.1:56976
Begin MonoManager ReloadAssembly
Registering precompiled unity dll's ...
Register platform support module: C:/Program Files/Unity/Hub/Editor/2022.3.21f1/Editor/Data/PlaybackEngines/WebGLSupport/UnityEditor.WebGL.Extensions.dll
Register platform support module: C:/Program Files/Unity/Hub/Editor/2022.3.21f1/Editor/Data/PlaybackEngines/AndroidPlayer/UnityEditor.Android.Extensions.dll
Register platform support module: C:/Program Files/Unity/Hub/Editor/2022.3.21f1/Editor/Data/PlaybackEngines/WindowsStandaloneSupport/UnityEditor.WindowsStandalone.Extensions.dll
Registered in 0.005221 seconds.
- Loaded All Assemblies, in  0.279 seconds
Native extension for WindowsStandalone target not found
Native extension for Android target not found
Android Extension - Scanning For ADB Devices 243 ms
Native extension for WebGL target not found
Mono: successfully reloaded assembly
- Finished resetting the current domain, in  0.506 seconds
Domain Reload Profiling: 784ms
	BeginReloadAssembly (85ms)
		ExecutionOrderSort (0ms)
		DisableScriptedObjects (0ms)
		BackupInstance (0ms)
		ReleaseScriptingObjects (0ms)
		CreateAndSetChildDomain (0ms)
	RebuildCommonClasses (27ms)
	RebuildNativeTypeToScriptingClass (7ms)
	initialDomainReloadingComplete (43ms)
	LoadAllAssembliesAndSetupDomain (116ms)
		LoadAssemblies (84ms)
		RebuildTransferFunctionScriptingTraits (0ms)
		AnalyzeDomain (114ms)
			TypeCache.Refresh (113ms)
				TypeCache.ScanAssembly (102ms)
			ScanForSourceGeneratedMonoScriptInfo (0ms)
			ResolveRequiredComponents (0ms)
	FinalizeReload (506ms)
		ReleaseScriptCaches (0ms)
		RebuildScriptCaches (0ms)
		SetupLoadedEditorAssemblies (460ms)
			LogAssemblyErrors (0ms)
			InitializePlatformSupportModulesInManaged (329ms)
			SetLoadedEditorAssemblies (4ms)
			RefreshPlugins (0ms)
			BeforeProcessingInitializeOnLoad (2ms)
			ProcessInitializeOnLoadAttributes (90ms)
			ProcessInitializeOnLoadMethodAttributes (34ms)
			AfterProcessingInitializeOnLoad (0ms)
			EditorAssembliesLoaded (0ms)
		ExecutionOrderSort2 (0ms)
		AwakeInstancesAfterBackupRestoration (0ms)
========================================================================
Worker process is ready to serve import requests
Begin MonoManager ReloadAssembly
- Loaded All Assemblies, in  0.507 seconds
Refreshing native plugins compatible for Editor in 1.70 ms, found 3 plugins.
Native extension for WindowsStandalone target not found
Native extension for Android target not found
Native extension for WebGL target not found
Package Manager log level set to [2]
[Package Manager] Server::EnsureServerProcessIsRunning -- launch failed, reason: Unity was launched with the -noUpm command-line argument
[Package Manager] UpmClient::Send -- Unable to send message (not connected to UPM process).
[Package Manager] Cannot connect to Unity Package Manager local server
Mono: successfully reloaded assembly
- Finished resetting the current domain, in  0.519 seconds
Domain Reload Profiling: 1025ms
	BeginReloadAssembly (115ms)
		ExecutionOrderSort (0ms)
		DisableScriptedObjects (3ms)
		BackupInstance (0ms)
		ReleaseScriptingObjects (0ms)
		CreateAndSetChildDomain (19ms)
	RebuildCommonClasses (26ms)
	RebuildNativeTypeToScriptingClass (11ms)
	initialDomainReloadingComplete (33ms)
	LoadAllAssembliesAndSetupDomain (319ms)
		LoadAssemblies (235ms)
		RebuildTransferFunctionScriptingTraits (0ms)
		AnalyzeDomain (151ms)
			TypeCache.Refresh (132ms)
				TypeCache.ScanAssembly (119ms)
			ScanForSourceGeneratedMonoScriptInfo (14ms)
			ResolveRequiredComponents (3ms)
	FinalizeReload (520ms)
		ReleaseScriptCaches (0ms)
		RebuildScriptCaches (0ms)
		SetupLoadedEditorAssemblies (392ms)
			LogAssemblyErrors (0ms)
			InitializePlatformSupportModulesInManaged (20ms)
			SetLoadedEditorAssemblies (4ms)
			RefreshPlugins (0ms)
			BeforeProcessingInitializeOnLoad (47ms)
			ProcessInitializeOnLoadAttributes (300ms)
			ProcessInitializeOnLoadMethodAttributes (16ms)
			AfterProcessingInitializeOnLoad (4ms)
			EditorAssembliesLoaded (0ms)
		ExecutionOrderSort2 (0ms)
		AwakeInstancesAfterBackupRestoration (5ms)
Launched and connected shader compiler UnityShaderCompiler.exe after 0.05 seconds
Refreshing native plugins compatible for Editor in 3.14 ms, found 3 plugins.
Preloading 0 native plugins for Editor in 0.00 ms.
Unloading 3471 Unused Serialized files (Serialized files now loaded: 0)
Unloading 37 unused Assets / (98.2 KB). Loaded Objects now: 3953.
Memory consumption went from 153.3 MB to 153.2 MB.
Total: 3.162300 ms (FindLiveObjects: 0.289900 ms CreateObjectMapping: 0.091400 ms MarkObjects: 2.678000 ms  DeleteObjects: 0.101500 ms)

AssetImportParameters requested are different than current active one (requested -> active):
  custom:container-demuxer-ogg: 62fdf1f143b41e24485cea50d1cbac27 -> 
  custom:video-codec-MediaFoundation-h265: 746d11721c4dcdbdad8f713fa42b33f4 -> 
  custom:video-decoder-ogg-theora: a1e56fd34408186e4bbccfd4996cb3dc -> 
  custom:framework-win-MediaFoundation: 216162199b28c13a410421893ffa2e32 -> 
  custom:CustomObjectIndexerAttribute: 9a22284fe3817be447336de3de66b15e -> 
  custom:container-demuxer-webm: 4f35f7cbe854078d1ac9338744f61a02 -> 
  custom:container-muxer-webm: aa71ff27fc2769a1b78a27578f13a17b -> 
  custom:video-decoder-webm-vp8: 9c59270c3fd7afecdb556c50c9e8de78 -> 
  custom:SearchIndexIgnoredProperties: e643bd26f0fe6173181afceb89e7c659 -> 
  custom:AudioImporter_EditorPlatform: d09bf68614088b80899f8185d706f6e7 -> 
  custom:video-encoder-webm-vp8: eb34c28f22e8b96e1ab97ce403110664 -> 
  custom:audio-decoder-ogg-vorbis: bf7c407c2cedff20999df2af8eb42d56 -> 
  custom:audio-encoder-webm-vorbis: bf7c407c2cedff20999df2af8eb42d56 -> 
========================================================================
Received Import Request.
  Time since last request: 321016.955500 seconds.
  path: Assets/PolygonBattleRoyale
  artifactKey: Guid(aee8d09a63ef2c3429a58e3664825ac3) Importer(815301076,1909f56bfc062723c751e8b465ee728b)
Start importing Assets/PolygonBattleRoyale using Guid(aee8d09a63ef2c3429a58e3664825ac3) Importer(815301076,1909f56bfc062723c751e8b465ee728b)  -> (artifact id: '6d2b3575c7160bc7dd3b6bcd6b438460') in 0.002055 seconds
Number of updated asset objects reloaded before import = 0
Number of asset objects unloaded after import = 0
========================================================================
Received Import Request.
  Time since last request: 0.137768 seconds.
  path: Assets/PolygonBattleRoyale/Prefabs
  artifactKey: Guid(b2426d4062032d94d91903ce5aae5c36) Importer(815301076,1909f56bfc062723c751e8b465ee728b)
Start importing Assets/PolygonBattleRoyale/Prefabs using Guid(b2426d4062032d94d91903ce5aae5c36) Importer(815301076,1909f56bfc062723c751e8b465ee728b)  -> (artifact id: '82eb28583157c073ea4b19122800b82e') in 0.000377 seconds
Number of updated asset objects reloaded before import = 0
Number of asset objects unloaded after import = 0
========================================================================
Received Import Request.
  Time since last request: 1.254935 seconds.
  path: Assets/PolygonBattleRoyale/Prefabs/Buildings
  artifactKey: Guid(e81c7855549507f469a26c364e4fe6c9) Importer(815301076,1909f56bfc062723c751e8b465ee728b)
Start importing Assets/PolygonBattleRoyale/Prefabs/Buildings using Guid(e81c7855549507f469a26c364e4fe6c9) Importer(815301076,1909f56bfc062723c751e8b465ee728b)  -> (artifact id: '21932fa3646d96c76ddb91270b623682') in 0.000394 seconds
Number of updated asset objects reloaded before import = 0
Number of asset objects unloaded after import = 0
========================================================================
Received Import Request.
  Time since last request: 0.061661 seconds.
  path: Assets/PolygonBattleRoyale/Prefabs/Buildings/SM_Bld_House_01.prefab
  artifactKey: Guid(43cecf02ca9a29341aa80150e36f4c3d) Importer(815301076,1909f56bfc062723c751e8b465ee728b)
Start importing Assets/PolygonBattleRoyale/Prefabs/Buildings/SM_Bld_House_01.prefab using Guid(43cecf02ca9a29341aa80150e36f4c3d) Importer(815301076,1909f56bfc062723c751e8b465ee728b)  -> (artifact id: 'b5ca70a5a2dca37594956124359a37e6') in 0.088952 seconds
Number of updated asset objects reloaded before import = 0
Number of asset objects unloaded after import = 36
========================================================================
Received Import Request.
  Time since last request: 0.000019 seconds.
  path: Assets/PolygonBattleRoyale/Prefabs/Buildings/SM_Bld_Tent_01.prefab
  artifactKey: Guid(8e8c31f8740134d4086fec064d4245d2) Importer(815301076,1909f56bfc062723c751e8b465ee728b)
Start importing Assets/PolygonBattleRoyale/Prefabs/Buildings/SM_Bld_Tent_01.prefab using Guid(8e8c31f8740134d4086fec064d4245d2) Importer(815301076,1909f56bfc062723c751e8b465ee728b)  -> (artifact id: '386d528d198e63b38c1eba92d0f836d6') in 0.026060 seconds
Number of updated asset objects reloaded before import = 0
Number of asset objects unloaded after import = 12
========================================================================
Received Import Request.
  Time since last request: 0.000015 seconds.
  path: Assets/PolygonBattleRoyale/Prefabs/Buildings/SM_Bld_SmallBuilding_02.prefab
  artifactKey: Guid(e84635c9579383a409db6da3477e581d) Importer(815301076,1909f56bfc062723c751e8b465ee728b)
Start importing Assets/PolygonBattleRoyale/Prefabs/Buildings/SM_Bld_SmallBuilding_02.prefab using Guid(e84635c9579383a409db6da3477e581d) Importer(815301076,1909f56bfc062723c751e8b465ee728b)  -> (artifact id: 'b4423e7c09ed2570a2d41950d9c4946a') in 0.029718 seconds
Number of updated asset objects reloaded before import = 0
Number of asset objects unloaded after import = 24
========================================================================
Received Import Request.
  Time since last request: 0.000019 seconds.
  path: Assets/PolygonBattleRoyale/Prefabs/Buildings/SM_Bld_House_Glass_01.prefab
  artifactKey: Guid(e9b5d1f2bf0b9d14aa3e05c1d365110b) Importer(815301076,1909f56bfc062723c751e8b465ee728b)
Start importing Assets/PolygonBattleRoyale/Prefabs/Buildings/SM_Bld_House_Glass_01.prefab using Guid(e9b5d1f2bf0b9d14aa3e05c1d365110b) Importer(815301076,1909f56bfc062723c751e8b465ee728b)  -> (artifact id: '1abf40c89343596ab22a1616ffbd4397') in 0.018911 seconds
Number of updated asset objects reloaded before import = 0
Number of asset objects unloaded after import = 10
========================================================================
Received Import Request.
  Time since last request: 0.000015 seconds.
  path: Assets/PolygonBattleRoyale/Prefabs/Buildings/SM_Bld_SmallBuilding_03.prefab
  artifactKey: Guid(2fc01610ec566294893d91f8d8b04a32) Importer(815301076,1909f56bfc062723c751e8b465ee728b)
Start importing Assets/PolygonBattleRoyale/Prefabs/Buildings/SM_Bld_SmallBuilding_03.prefab using Guid(2fc01610ec566294893d91f8d8b04a32) Importer(815301076,1909f56bfc062723c751e8b465ee728b)  -> (artifact id: 'fb1adf538b71152d09fe13a7800ccf8e') in 0.019655 seconds
Number of updated asset objects reloaded before import = 0
Number of asset objects unloaded after import = 35
========================================================================
Received Import Request.
  Time since last request: 0.000015 seconds.
  path: Assets/PolygonBattleRoyale/Prefabs/Buildings/SM_Bld_Window_Bars_01.prefab
  artifactKey: Guid(7f9ce6c2d5ff73a45bbd3dd7aac0409c) Importer(815301076,1909f56bfc062723c751e8b465ee728b)
Start importing Assets/PolygonBattleRoyale/Prefabs/Buildings/SM_Bld_Window_Bars_01.prefab using Guid(7f9ce6c2d5ff73a45bbd3dd7aac0409c) Importer(815301076,1909f56bfc062723c751e8b465ee728b)  -> (artifact id: '6842161f02b3aeea88b8a5b6f16dc149') in 0.021106 seconds
Number of updated asset objects reloaded before import = 0
Number of asset objects unloaded after import = 12
========================================================================
Received Import Request.
  Time since last request: 2.237847 seconds.
  path: Assets/Materials/New Material.mat
  artifactKey: Guid(419c56590487f14478a75f8259ade842) Importer(815301076,1909f56bfc062723c751e8b465ee728b)
Start importing Assets/Materials/New Material.mat using Guid(419c56590487f14478a75f8259ade842) Importer(815301076,1909f56bfc062723c751e8b465ee728b)  -> (artifact id: '7b118aba0264d1a61ba71462903715e5') in 0.032362 seconds
Number of updated asset objects reloaded before import = 0
Number of asset objects unloaded after import = 1
========================================================================
Received Import Request.
  Time since last request: 4.630109 seconds.
  path: Assets/PolygonBattleRoyale/Prefabs/Characters/Character_BusinessMale_01.prefab
  artifactKey: Guid(18ff8a7a7ca91ff4bab92d116fa797c8) Importer(815301076,1909f56bfc062723c751e8b465ee728b)
Start importing Assets/PolygonBattleRoyale/Prefabs/Characters/Character_BusinessMale_01.prefab using Guid(18ff8a7a7ca91ff4bab92d116fa797c8) Importer(815301076,1909f56bfc062723c751e8b465ee728b)  -> (artifact id: '13adf4863745980b4a0ea3d58e9858ec') in 0.083490 seconds
Number of updated asset objects reloaded before import = 0
Number of asset objects unloaded after import = 191
========================================================================
Received Import Request.
  Time since last request: 0.000016 seconds.
  path: Assets/PolygonBattleRoyale/Prefabs/Characters/Character_ToplessMale_01.prefab
  artifactKey: Guid(97f7e6b749ccd1b4fbd20203ba928e47) Importer(815301076,1909f56bfc062723c751e8b465ee728b)
Start importing Assets/PolygonBattleRoyale/Prefabs/Characters/Character_ToplessMale_01.prefab using Guid(97f7e6b749ccd1b4fbd20203ba928e47) Importer(815301076,1909f56bfc062723c751e8b465ee728b)  -> (artifact id: '9d3a47dfa5dbd59f7937fe59e664b1d1') in 0.039265 seconds
Number of updated asset objects reloaded before import = 0
Number of asset objects unloaded after import = 191
========================================================================
Received Import Request.
  Time since last request: 0.000024 seconds.
  path: Assets/PolygonBattleRoyale/Prefabs/Characters/Character_GothFemale_01.prefab
  artifactKey: Guid(daa9c4ca5ba6fe045b6458a025ba298d) Importer(815301076,1909f56bfc062723c751e8b465ee728b)
Start importing Assets/PolygonBattleRoyale/Prefabs/Characters/Character_GothFemale_01.prefab using Guid(daa9c4ca5ba6fe045b6458a025ba298d) Importer(815301076,1909f56bfc062723c751e8b465ee728b)  -> (artifact id: '328837c9e6ef8cbc67463d4acdb7d193') in 0.020893 seconds
Number of updated asset objects reloaded before import = 0
Number of asset objects unloaded after import = 191
========================================================================
Received Import Request.
  Time since last request: 0.000028 seconds.
  path: Assets/PolygonBattleRoyale/Prefabs/Characters/Character_MilitaryMale_01.prefab
  artifactKey: Guid(30c23f6bcd4f35648bbfc61c9f671e51) Importer(815301076,1909f56bfc062723c751e8b465ee728b)
Start importing Assets/PolygonBattleRoyale/Prefabs/Characters/Character_MilitaryMale_01.prefab using Guid(30c23f6bcd4f35648bbfc61c9f671e51) Importer(815301076,1909f56bfc062723c751e8b465ee728b)  -> (artifact id: 'a9a88ee2f6c8392f3f723f2c8295ee0c') in 0.024388 seconds
Number of updated asset objects reloaded before import = 0
Number of asset objects unloaded after import = 191
========================================================================
Received Import Request.
  Time since last request: 0.000017 seconds.
  path: Assets/PolygonBattleRoyale/Prefabs/Characters/Character_SportyMale_02.prefab
  artifactKey: Guid(a980100c51505dc469368879b38464e0) Importer(815301076,1909f56bfc062723c751e8b465ee728b)
Start importing Assets/PolygonBattleRoyale/Prefabs/Characters/Character_SportyMale_02.prefab using Guid(a980100c51505dc469368879b38464e0) Importer(815301076,1909f56bfc062723c751e8b465ee728b)  -> (artifact id: '556ea1fe30fc90f2ca45f2b74f0b181b') in 0.020728 seconds
Number of updated asset objects reloaded before import = 0
Number of asset objects unloaded after import = 191
========================================================================
Received Import Request.
  Time since last request: 0.000016 seconds.
  path: Assets/PolygonBattleRoyale/Prefabs/Characters/Character_MilitaryFemale_01.prefab
  artifactKey: Guid(5d65c3bd98b79f84e996821ebfc0a190) Importer(815301076,1909f56bfc062723c751e8b465ee728b)
Start importing Assets/PolygonBattleRoyale/Prefabs/Characters/Character_MilitaryFemale_01.prefab using Guid(5d65c3bd98b79f84e996821ebfc0a190) Importer(815301076,1909f56bfc062723c751e8b465ee728b)  -> (artifact id: '05d8c0c8797335cf7e6c409bec913586') in 0.019689 seconds
Number of updated asset objects reloaded before import = 0
Number of asset objects unloaded after import = 191
========================================================================
Received Import Request.
  Time since last request: 20.700484 seconds.
  path: Assets/PolygonBattleRoyale/Prefabs/Characters/PickUps/SM_PickUp_Armor_02.prefab
  artifactKey: Guid(f139f11b93b3e994abbaa342726ea385) Importer(815301076,1909f56bfc062723c751e8b465ee728b)
Start importing Assets/PolygonBattleRoyale/Prefabs/Characters/PickUps/SM_PickUp_Armor_02.prefab using Guid(f139f11b93b3e994abbaa342726ea385) Importer(815301076,1909f56bfc062723c751e8b465ee728b)  -> (artifact id: 'a94486bddf32e5bad48577cbfb4669f2') in 0.023886 seconds
Number of updated asset objects reloaded before import = 0
Number of asset objects unloaded after import = 12
========================================================================
Received Import Request.
  Time since last request: 0.000014 seconds.
  path: Assets/PolygonBattleRoyale/Prefabs/Characters/PickUps/SM_PickUp_Bag_03.prefab
  artifactKey: Guid(cc25e2ce75255694db4bfb2a3ea3362c) Importer(815301076,1909f56bfc062723c751e8b465ee728b)
Start importing Assets/PolygonBattleRoyale/Prefabs/Characters/PickUps/SM_PickUp_Bag_03.prefab using Guid(cc25e2ce75255694db4bfb2a3ea3362c) Importer(815301076,1909f56bfc062723c751e8b465ee728b)  -> (artifact id: '584bdf7b4ae064f8c0e65548609e15cb') in 0.016623 seconds
Number of updated asset objects reloaded before import = 0
Number of asset objects unloaded after import = 12
========================================================================
Received Import Request.
  Time since last request: 2.260390 seconds.
  path: Assets/PolygonBattleRoyale/Prefabs/Characters/Attachments/SM_Char_Attach_Bag_Lvl2.prefab
  artifactKey: Guid(03f0e9ccf67dd0e4b92891caf43bc9b1) Importer(815301076,1909f56bfc062723c751e8b465ee728b)
Start importing Assets/PolygonBattleRoyale/Prefabs/Characters/Attachments/SM_Char_Attach_Bag_Lvl2.prefab using Guid(03f0e9ccf67dd0e4b92891caf43bc9b1) Importer(815301076,1909f56bfc062723c751e8b465ee728b)  -> (artifact id: '4ef112f4508d315aa6d0e0b9d97580d6') in 0.049686 seconds
Number of updated asset objects reloaded before import = 0
Number of asset objects unloaded after import = 12
========================================================================
Received Import Request.
  Time since last request: 0.000022 seconds.
  path: Assets/PolygonBattleRoyale/Prefabs/Characters/Attachments/SM_Chr_Attach_Hat_Captian_01.prefab
  artifactKey: Guid(2c1fe3c317b1b9c478ba20712feb1953) Importer(815301076,1909f56bfc062723c751e8b465ee728b)
Start importing Assets/PolygonBattleRoyale/Prefabs/Characters/Attachments/SM_Chr_Attach_Hat_Captian_01.prefab using Guid(2c1fe3c317b1b9c478ba20712feb1953) Importer(815301076,1909f56bfc062723c751e8b465ee728b)  -> (artifact id: '5f74a3145c43d721ece20d21fca2e076') in 0.057252 seconds
Number of updated asset objects reloaded before import = 0
Number of asset objects unloaded after import = 12
========================================================================
Received Import Request.
  Time since last request: 0.000018 seconds.
  path: Assets/PolygonBattleRoyale/Prefabs/Characters/Attachments/SM_Chr_Attach_Eyepatch_01.prefab
  artifactKey: Guid(85fae00b99c7867478ff4c7757125421) Importer(815301076,1909f56bfc062723c751e8b465ee728b)
Start importing Assets/PolygonBattleRoyale/Prefabs/Characters/Attachments/SM_Chr_Attach_Eyepatch_01.prefab using Guid(85fae00b99c7867478ff4c7757125421) Importer(815301076,1909f56bfc062723c751e8b465ee728b)  -> (artifact id: 'ba62dd5ee0b7720a64fa26291294f7e6') in 0.040624 seconds
Number of updated asset objects reloaded before import = 0
Number of asset objects unloaded after import = 12
========================================================================
Received Import Request.
  Time since last request: 0.000025 seconds.
  path: Assets/PolygonBattleRoyale/Prefabs/Characters/Attachments/SM_Chr_Attach_Hat_Bunny_01.prefab
  artifactKey: Guid(f1f84af7f1879344f8db0847dccfd296) Importer(815301076,1909f56bfc062723c751e8b465ee728b)
Start importing Assets/PolygonBattleRoyale/Prefabs/Characters/Attachments/SM_Chr_Attach_Hat_Bunny_01.prefab using Guid(f1f84af7f1879344f8db0847dccfd296) Importer(815301076,1909f56bfc062723c751e8b465ee728b)  -> (artifact id: '66b56beff88b15865b0d6f383f418396') in 0.027064 seconds
Number of updated asset objects reloaded before import = 0
Number of asset objects unloaded after import = 12
========================================================================
Received Import Request.
  Time since last request: 0.000014 seconds.
  path: Assets/PolygonBattleRoyale/Prefabs/Characters/Attachments/SM_Chr_Attach_Female_Hair_Pigtails_01.prefab
  artifactKey: Guid(16a173ed6513c8e4aac96133c5a5b295) Importer(815301076,1909f56bfc062723c751e8b465ee728b)
Start importing Assets/PolygonBattleRoyale/Prefabs/Characters/Attachments/SM_Chr_Attach_Female_Hair_Pigtails_01.prefab using Guid(16a173ed6513c8e4aac96133c5a5b295) Importer(815301076,1909f56bfc062723c751e8b465ee728b)  -> (artifact id: '56ec68c2bbc245612e03c6bad1741388') in 0.020239 seconds
Number of updated asset objects reloaded before import = 0
Number of asset objects unloaded after import = 12
========================================================================
Received Import Request.
  Time since last request: 0.000012 seconds.
  path: Assets/PolygonBattleRoyale/Prefabs/Characters/Attachments/SM_Chr_Attach_Beard_07.prefab
  artifactKey: Guid(19309ad8de603e442841465c06251a6e) Importer(815301076,1909f56bfc062723c751e8b465ee728b)
Start importing Assets/PolygonBattleRoyale/Prefabs/Characters/Attachments/SM_Chr_Attach_Beard_07.prefab using Guid(19309ad8de603e442841465c06251a6e) Importer(815301076,1909f56bfc062723c751e8b465ee728b)  -> (artifact id: '62991e9235da313808fdeb3a9aacbc57') in 0.019775 seconds
Number of updated asset objects reloaded before import = 0
Number of asset objects unloaded after import = 12
========================================================================
Received Import Request.
  Time since last request: 0.000013 seconds.
  path: Assets/PolygonBattleRoyale/Prefabs/Characters/Attachments/SM_Chr_Attach_Hat_Crown_01.prefab
  artifactKey: Guid(27507d8de33e3134490eadce78e2b8be) Importer(815301076,1909f56bfc062723c751e8b465ee728b)
Start importing Assets/PolygonBattleRoyale/Prefabs/Characters/Attachments/SM_Chr_Attach_Hat_Crown_01.prefab using Guid(27507d8de33e3134490eadce78e2b8be) Importer(815301076,1909f56bfc062723c751e8b465ee728b)  -> (artifact id: '57f66d0aae92fa6b0401bca85d731d7d') in 0.026444 seconds
Number of updated asset objects reloaded before import = 0
Number of asset objects unloaded after import = 12
========================================================================
Received Import Request.
  Time since last request: 0.000015 seconds.
  path: Assets/PolygonBattleRoyale/Prefabs/Characters/Attachments/SM_Char_Attach_Helmet_02.prefab
  artifactKey: Guid(d1d1fb0324ed9084a9665dda8094a654) Importer(815301076,1909f56bfc062723c751e8b465ee728b)
Start importing Assets/PolygonBattleRoyale/Prefabs/Characters/Attachments/SM_Char_Attach_Helmet_02.prefab using Guid(d1d1fb0324ed9084a9665dda8094a654) Importer(815301076,1909f56bfc062723c751e8b465ee728b)  -> (artifact id: 'ae9f9c2ea26ef410eff66af709b46406') in 0.021198 seconds
Number of updated asset objects reloaded before import = 0
Number of asset objects unloaded after import = 12
========================================================================
Received Import Request.
  Time since last request: 0.000015 seconds.
  path: Assets/PolygonBattleRoyale/Prefabs/Characters/Attachments/SM_Chr_Attach_Hat_Beanie_01.prefab
  artifactKey: Guid(c5fa49801e1cb7c4691874866014b066) Importer(815301076,1909f56bfc062723c751e8b465ee728b)
Start importing Assets/PolygonBattleRoyale/Prefabs/Characters/Attachments/SM_Chr_Attach_Hat_Beanie_01.prefab using Guid(c5fa49801e1cb7c4691874866014b066) Importer(815301076,1909f56bfc062723c751e8b465ee728b)  -> (artifact id: '86a8ac13234b7b22355272b075c85413') in 0.027798 seconds
Number of updated asset objects reloaded before import = 0
Number of asset objects unloaded after import = 12
========================================================================
Received Import Request.
  Time since last request: 0.000014 seconds.
  path: Assets/PolygonBattleRoyale/Prefabs/Characters/Attachments/SM_Chr_Attach_Beard_06.prefab
  artifactKey: Guid(f33d4807920b5d84e927b8c82ac33f28) Importer(815301076,1909f56bfc062723c751e8b465ee728b)
Start importing Assets/PolygonBattleRoyale/Prefabs/Characters/Attachments/SM_Chr_Attach_Beard_06.prefab using Guid(f33d4807920b5d84e927b8c82ac33f28) Importer(815301076,1909f56bfc062723c751e8b465ee728b)  -> (artifact id: '9bce7d4580e84cf4d8214c0a5488062c') in 0.024791 seconds
Number of updated asset objects reloaded before import = 0
Number of asset objects unloaded after import = 12
========================================================================
Received Import Request.
  Time since last request: 0.000015 seconds.
  path: Assets/PolygonBattleRoyale/Prefabs/Characters/Attachments/SM_Chr_Attach_Female_Hair_01.prefab
  artifactKey: Guid(4297d9ba1d713a74eb0858fe39fc38c3) Importer(815301076,1909f56bfc062723c751e8b465ee728b)
Start importing Assets/PolygonBattleRoyale/Prefabs/Characters/Attachments/SM_Chr_Attach_Female_Hair_01.prefab using Guid(4297d9ba1d713a74eb0858fe39fc38c3) Importer(815301076,1909f56bfc062723c751e8b465ee728b)  -> (artifact id: '80ff04738274e88127e6d04e6052fc5a') in 0.018180 seconds
Number of updated asset objects reloaded before import = 0
Number of asset objects unloaded after import = 12
========================================================================
Received Import Request.
  Time since last request: 0.918130 seconds.
  path: Assets/PolygonBattleRoyale/Prefabs/Characters/Attachments/SM_Chr_Attach_Hat_Elf_01.prefab
  artifactKey: Guid(7813c71e3d2c0bd4c892b6c09f4c3153) Importer(815301076,1909f56bfc062723c751e8b465ee728b)
Start importing Assets/PolygonBattleRoyale/Prefabs/Characters/Attachments/SM_Chr_Attach_Hat_Elf_01.prefab using Guid(7813c71e3d2c0bd4c892b6c09f4c3153) Importer(815301076,1909f56bfc062723c751e8b465ee728b)  -> (artifact id: 'e89d4fc800ae00bc3824dbdc57547059') in 0.019007 seconds
Number of updated asset objects reloaded before import = 0
Number of asset objects unloaded after import = 12
========================================================================
Received Import Request.
  Time since last request: 0.000017 seconds.
  path: Assets/PolygonBattleRoyale/Prefabs/Characters/Attachments/SM_Chr_Attach_Hat_Irish_01.prefab
  artifactKey: Guid(068d1edda781a904a97a02f8542af4b5) Importer(815301076,1909f56bfc062723c751e8b465ee728b)
Start importing Assets/PolygonBattleRoyale/Prefabs/Characters/Attachments/SM_Chr_Attach_Hat_Irish_01.prefab using Guid(068d1edda781a904a97a02f8542af4b5) Importer(815301076,1909f56bfc062723c751e8b465ee728b)  -> (artifact id: 'cf40c26aa5ac6eec2784aac2371d5397') in 0.016434 seconds
Number of updated asset objects reloaded before import = 0
Number of asset objects unloaded after import = 12
========================================================================
Received Import Request.
  Time since last request: 0.000013 seconds.
  path: Assets/PolygonBattleRoyale/Prefabs/Characters/Attachments/SM_Chr_Attach_Hat_Party_01.prefab
  artifactKey: Guid(08f9224293928e84b832bc1af8cf72e5) Importer(815301076,1909f56bfc062723c751e8b465ee728b)
Start importing Assets/PolygonBattleRoyale/Prefabs/Characters/Attachments/SM_Chr_Attach_Hat_Party_01.prefab using Guid(08f9224293928e84b832bc1af8cf72e5) Importer(815301076,1909f56bfc062723c751e8b465ee728b)  -> (artifact id: 'dd125a7146ada5a38710e92b4661f92b') in 0.016711 seconds
Number of updated asset objects reloaded before import = 0
Number of asset objects unloaded after import = 12
========================================================================
Received Import Request.
  Time since last request: 0.000015 seconds.
  path: Assets/PolygonBattleRoyale/Prefabs/Characters/Attachments/SM_Chr_Attach_Hat_FlatTop_01.prefab
  artifactKey: Guid(6c60558da1cb0804b8f03e00cfb1218c) Importer(815301076,1909f56bfc062723c751e8b465ee728b)
Start importing Assets/PolygonBattleRoyale/Prefabs/Characters/Attachments/SM_Chr_Attach_Hat_FlatTop_01.prefab using Guid(6c60558da1cb0804b8f03e00cfb1218c) Importer(815301076,1909f56bfc062723c751e8b465ee728b)  -> (artifact id: '96c4bdc9cf9fe0fcba31d61a8fe0ceed') in 0.014861 seconds
Number of updated asset objects reloaded before import = 0
Number of asset objects unloaded after import = 12
========================================================================
Received Import Request.
  Time since last request: 0.077400 seconds.
  path: Assets/PolygonBattleRoyale/Prefabs/Characters/Attachments/SM_Chr_Attach_Hat_Racoon_01.prefab
  artifactKey: Guid(703daefb4575ac444a02524ae2b0552e) Importer(815301076,1909f56bfc062723c751e8b465ee728b)
Start importing Assets/PolygonBattleRoyale/Prefabs/Characters/Attachments/SM_Chr_Attach_Hat_Racoon_01.prefab using Guid(703daefb4575ac444a02524ae2b0552e) Importer(815301076,1909f56bfc062723c751e8b465ee728b)  -> (artifact id: '78233e6c221f761c94ed7287acf9cc67') in 0.022750 seconds
Number of updated asset objects reloaded before import = 0
Number of asset objects unloaded after import = 12
========================================================================
Received Import Request.
  Time since last request: 0.000021 seconds.
  path: Assets/PolygonBattleRoyale/Prefabs/Characters/Attachments/SM_Chr_Attach_Hat_Roman_01.prefab
  artifactKey: Guid(74c1b9ace53c9b449a8ff95ab92b3503) Importer(815301076,1909f56bfc062723c751e8b465ee728b)
Start importing Assets/PolygonBattleRoyale/Prefabs/Characters/Attachments/SM_Chr_Attach_Hat_Roman_01.prefab using Guid(74c1b9ace53c9b449a8ff95ab92b3503) Importer(815301076,1909f56bfc062723c751e8b465ee728b)  -> (artifact id: '0e871822179e0e556ba7af76a493cae1') in 0.017031 seconds
Number of updated asset objects reloaded before import = 0
Number of asset objects unloaded after import = 12
========================================================================
Received Import Request.
  Time since last request: 0.000013 seconds.
  path: Assets/PolygonBattleRoyale/Prefabs/Characters/Attachments/SM_Chr_Attach_Hat_Squid_01.prefab
  artifactKey: Guid(6491c78cebfe38848bdaa31989231659) Importer(815301076,1909f56bfc062723c751e8b465ee728b)
Start importing Assets/PolygonBattleRoyale/Prefabs/Characters/Attachments/SM_Chr_Attach_Hat_Squid_01.prefab using Guid(6491c78cebfe38848bdaa31989231659) Importer(815301076,1909f56bfc062723c751e8b465ee728b)  -> (artifact id: 'c0bb05e61ca1510002a017fd5c5c6ace') in 0.015995 seconds
Number of updated asset objects reloaded before import = 0
Number of asset objects unloaded after import = 12
========================================================================
Received Import Request.
  Time since last request: 0.411379 seconds.
  path: Assets/PolygonBattleRoyale/Prefabs/Characters/Attachments/SM_Chr_Attach_Male_Hair_02.prefab
  artifactKey: Guid(9e97aa60fb05bc54db3ac4c1ae34bb8c) Importer(815301076,1909f56bfc062723c751e8b465ee728b)
Start importing Assets/PolygonBattleRoyale/Prefabs/Characters/Attachments/SM_Chr_Attach_Male_Hair_02.prefab using Guid(9e97aa60fb05bc54db3ac4c1ae34bb8c) Importer(815301076,1909f56bfc062723c751e8b465ee728b)  -> (artifact id: 'af943d4d4b3da35f938ff7c40fb1f581') in 0.023754 seconds
Number of updated asset objects reloaded before import = 0
Number of asset objects unloaded after import = 12
========================================================================
Received Import Request.
  Time since last request: 0.000022 seconds.
  path: Assets/PolygonBattleRoyale/Prefabs/Characters/Attachments/SM_Chr_Attach_Pouch_02.prefab
  artifactKey: Guid(f21d8450a33a16149b37c935ea82171f) Importer(815301076,1909f56bfc062723c751e8b465ee728b)
Start importing Assets/PolygonBattleRoyale/Prefabs/Characters/Attachments/SM_Chr_Attach_Pouch_02.prefab using Guid(f21d8450a33a16149b37c935ea82171f) Importer(815301076,1909f56bfc062723c751e8b465ee728b)  -> (artifact id: '82957059f0635d30e7007dc2c8156efc') in 0.016279 seconds
Number of updated asset objects reloaded before import = 0
Number of asset objects unloaded after import = 12
========================================================================
Received Import Request.
  Time since last request: 0.000010 seconds.
  path: Assets/PolygonBattleRoyale/Prefabs/Characters/Attachments/SM_Chr_Attach_Male_Hair_06.prefab
  artifactKey: Guid(0fba6aa0583f5794c976afadb4b60f28) Importer(815301076,1909f56bfc062723c751e8b465ee728b)
Start importing Assets/PolygonBattleRoyale/Prefabs/Characters/Attachments/SM_Chr_Attach_Male_Hair_06.prefab using Guid(0fba6aa0583f5794c976afadb4b60f28) Importer(815301076,1909f56bfc062723c751e8b465ee728b)  -> (artifact id: '9226dfe37776de698706e2d9b5c6cc1f') in 0.016927 seconds
Number of updated asset objects reloaded before import = 0
Number of asset objects unloaded after import = 12
========================================================================
Received Import Request.
  Time since last request: 0.000028 seconds.
  path: Assets/PolygonBattleRoyale/Prefabs/Characters/Attachments/SM_Chr_Attach_Pouch_07.prefab
  artifactKey: Guid(20a23f0c3f6b2c1498c9c8497c227160) Importer(815301076,1909f56bfc062723c751e8b465ee728b)
Start importing Assets/PolygonBattleRoyale/Prefabs/Characters/Attachments/SM_Chr_Attach_Pouch_07.prefab using Guid(20a23f0c3f6b2c1498c9c8497c227160) Importer(815301076,1909f56bfc062723c751e8b465ee728b)  -> (artifact id: 'ea0b60e733ab4501858aa8a20d6ec357') in 0.015885 seconds
Number of updated asset objects reloaded before import = 0
Number of asset objects unloaded after import = 12
========================================================================
Received Import Request.
  Time since last request: 0.000023 seconds.
  path: Assets/PolygonBattleRoyale/Prefabs/Characters/Attachments/SM_Chr_Patch_Rank_01.prefab
  artifactKey: Guid(d8f5b20ff156f5047a8947e311f11767) Importer(815301076,1909f56bfc062723c751e8b465ee728b)
Start importing Assets/PolygonBattleRoyale/Prefabs/Characters/Attachments/SM_Chr_Patch_Rank_01.prefab using Guid(d8f5b20ff156f5047a8947e311f11767) Importer(815301076,1909f56bfc062723c751e8b465ee728b)  -> (artifact id: '6838c62e37ffcab04a5e32ac0a4207c0') in 0.015498 seconds
Number of updated asset objects reloaded before import = 0
Number of asset objects unloaded after import = 12
========================================================================
Received Import Request.
  Time since last request: 0.000019 seconds.
  path: Assets/PolygonBattleRoyale/Prefabs/Characters/Attachments/SM_Chr_Patch_Leaf_01.prefab
  artifactKey: Guid(f08b3d8709d945b43b612d7e5b50d7dc) Importer(815301076,1909f56bfc062723c751e8b465ee728b)
Start importing Assets/PolygonBattleRoyale/Prefabs/Characters/Attachments/SM_Chr_Patch_Leaf_01.prefab using Guid(f08b3d8709d945b43b612d7e5b50d7dc) Importer(815301076,1909f56bfc062723c751e8b465ee728b)  -> (artifact id: 'a4d7768fa43b09c4162dba83777c04fa') in 0.015740 seconds
Number of updated asset objects reloaded before import = 0
Number of asset objects unloaded after import = 12
========================================================================
Received Import Request.
  Time since last request: 0.000028 seconds.
  path: Assets/PolygonBattleRoyale/Prefabs/Characters/Attachments/SM_Chr_Patch_Star_02.prefab
  artifactKey: Guid(b6284ec289b68244c97d5f1fac68d589) Importer(815301076,1909f56bfc062723c751e8b465ee728b)
Start importing Assets/PolygonBattleRoyale/Prefabs/Characters/Attachments/SM_Chr_Patch_Star_02.prefab using Guid(b6284ec289b68244c97d5f1fac68d589) Importer(815301076,1909f56bfc062723c751e8b465ee728b)  -> (artifact id: 'b3dc8f3ac4b30269bd2e15c9cc3b4c07') in 0.018978 seconds
Number of updated asset objects reloaded before import = 0
Number of asset objects unloaded after import = 12
========================================================================
Received Import Request.
  Time since last request: 0.000019 seconds.
  path: Assets/PolygonBattleRoyale/Prefabs/Characters/Attachments/SM_Chr_Attach_Pouch_05.prefab
  artifactKey: Guid(8c2bb359c828fa14bb3635bf7db1c18a) Importer(815301076,1909f56bfc062723c751e8b465ee728b)
Start importing Assets/PolygonBattleRoyale/Prefabs/Characters/Attachments/SM_Chr_Attach_Pouch_05.prefab using Guid(8c2bb359c828fa14bb3635bf7db1c18a) Importer(815301076,1909f56bfc062723c751e8b465ee728b)  -> (artifact id: '3a99c92bc8b5ba08a0fa194a978e425d') in 0.014996 seconds
Number of updated asset objects reloaded before import = 0
Number of asset objects unloaded after import = 12
========================================================================
Received Import Request.
  Time since last request: 11.470372 seconds.
  path: Assets/PolygonBattleRoyale/Models/FX_Bullet_Trail.fbx
  artifactKey: Guid(91319d540e88354488b665f7aeab322e) Importer(815301076,1909f56bfc062723c751e8b465ee728b)
Start importing Assets/PolygonBattleRoyale/Models/FX_Bullet_Trail.fbx using Guid(91319d540e88354488b665f7aeab322e) Importer(815301076,1909f56bfc062723c751e8b465ee728b)  -> (artifact id: '5854b810ccdfc53d1c8bc7896a9d47e7') in 0.040553 seconds
Number of updated asset objects reloaded before import = 0
Number of asset objects unloaded after import = 9
========================================================================
Received Import Request.
  Time since last request: 0.000018 seconds.
  path: Assets/PolygonBattleRoyale/Models/SM_Bld_Tent_01.fbx
  artifactKey: Guid(66e60ed452560eb41b70ea400c7a577b) Importer(815301076,1909f56bfc062723c751e8b465ee728b)
Start importing Assets/PolygonBattleRoyale/Models/SM_Bld_Tent_01.fbx using Guid(66e60ed452560eb41b70ea400c7a577b) Importer(815301076,1909f56bfc062723c751e8b465ee728b)  -> (artifact id: 'c82f2147f5fb7c18018668db9efdf71a') in 0.034095 seconds
Number of updated asset objects reloaded before import = 0
Number of asset objects unloaded after import = 7
========================================================================
Received Import Request.
  Time since last request: 0.000016 seconds.
  path: Assets/PolygonBattleRoyale/Models/SM_Bld_WoodenShack_01.fbx
  artifactKey: Guid(9078fad21019e0141bb2fe97b2b0e0b9) Importer(815301076,1909f56bfc062723c751e8b465ee728b)
Start importing Assets/PolygonBattleRoyale/Models/SM_Bld_WoodenShack_01.fbx using Guid(9078fad21019e0141bb2fe97b2b0e0b9) Importer(815301076,1909f56bfc062723c751e8b465ee728b)  -> (artifact id: 'cd1268157895533c32b0a59c35c88962') in 0.040491 seconds
Number of updated asset objects reloaded before import = 0
Number of asset objects unloaded after import = 7
========================================================================
Received Import Request.
  Time since last request: 0.000019 seconds.
  path: Assets/PolygonBattleRoyale/Models/SM_Char_Attach_Bag_Lvl2.fbx
  artifactKey: Guid(f8033a124f820234384223a33191f9f0) Importer(815301076,1909f56bfc062723c751e8b465ee728b)
Start importing Assets/PolygonBattleRoyale/Models/SM_Char_Attach_Bag_Lvl2.fbx using Guid(f8033a124f820234384223a33191f9f0) Importer(815301076,1909f56bfc062723c751e8b465ee728b)  -> (artifact id: '4b980b9ef097093086de93d179296640') in 0.045025 seconds
Number of updated asset objects reloaded before import = 0
Number of asset objects unloaded after import = 7
========================================================================
Received Import Request.
  Time since last request: 0.000019 seconds.
  path: Assets/PolygonBattleRoyale/Models/SM_Chr_Attach_Beard_04.fbx
  artifactKey: Guid(843f9616e5b242045a733017160aff46) Importer(815301076,1909f56bfc062723c751e8b465ee728b)
Start importing Assets/PolygonBattleRoyale/Models/SM_Chr_Attach_Beard_04.fbx using Guid(843f9616e5b242045a733017160aff46) Importer(815301076,1909f56bfc062723c751e8b465ee728b)  -> (artifact id: '73bec4426c8d090aafdda6be1f77cf7c') in 0.027695 seconds
Number of updated asset objects reloaded before import = 0
Number of asset objects unloaded after import = 7
========================================================================
Received Import Request.
  Time since last request: 0.000017 seconds.
  path: Assets/PolygonBattleRoyale/Models/SM_Chr_Attach_Beard_06.fbx
  artifactKey: Guid(fa2376092f8167246a26214ab80a7cb6) Importer(815301076,1909f56bfc062723c751e8b465ee728b)
Start importing Assets/PolygonBattleRoyale/Models/SM_Chr_Attach_Beard_06.fbx using Guid(fa2376092f8167246a26214ab80a7cb6) Importer(815301076,1909f56bfc062723c751e8b465ee728b)  -> (artifact id: 'cddccc72eb03296e17a6f15526efe8ef') in 0.029775 seconds
Number of updated asset objects reloaded before import = 0
Number of asset objects unloaded after import = 7
========================================================================
Received Import Request.
  Time since last request: 0.000022 seconds.
  path: Assets/PolygonBattleRoyale/Models/SM_Chr_Attach_Beard_02.fbx
  artifactKey: Guid(5b0b4402694aa2b4186d1b6094658ba6) Importer(815301076,1909f56bfc062723c751e8b465ee728b)
Start importing Assets/PolygonBattleRoyale/Models/SM_Chr_Attach_Beard_02.fbx using Guid(5b0b4402694aa2b4186d1b6094658ba6) Importer(815301076,1909f56bfc062723c751e8b465ee728b)  -> (artifact id: 'b3256616bf481a7e5f07b9022f512632') in 0.016760 seconds
Number of updated asset objects reloaded before import = 0
Number of asset objects unloaded after import = 7
========================================================================
Received Import Request.
  Time since last request: 0.000016 seconds.
  path: Assets/PolygonBattleRoyale/Models/SM_Chr_Attach_Bedroll_01.fbx
  artifactKey: Guid(8044def7f2b040949ad328f8ac65e8f2) Importer(815301076,1909f56bfc062723c751e8b465ee728b)
Start importing Assets/PolygonBattleRoyale/Models/SM_Chr_Attach_Bedroll_01.fbx using Guid(8044def7f2b040949ad328f8ac65e8f2) Importer(815301076,1909f56bfc062723c751e8b465ee728b)  -> (artifact id: 'f484180d8dadf050cb9c9551ea17f3d0') in 0.016936 seconds
Number of updated asset objects reloaded before import = 0
Number of asset objects unloaded after import = 7
========================================================================
Received Import Request.
  Time since last request: 0.000013 seconds.
  path: Assets/PolygonBattleRoyale/Models/SM_Bld_House_02.fbx
  artifactKey: Guid(7d544dc08cd4dcc4e8329b1eb3d3260f) Importer(815301076,1909f56bfc062723c751e8b465ee728b)
Start importing Assets/PolygonBattleRoyale/Models/SM_Bld_House_02.fbx using Guid(7d544dc08cd4dcc4e8329b1eb3d3260f) Importer(815301076,1909f56bfc062723c751e8b465ee728b)  -> (artifact id: '64bf44b2e03fa620c364520905222600') in 0.042741 seconds
Number of updated asset objects reloaded before import = 0
Number of asset objects unloaded after import = 27
========================================================================
Received Import Request.
  Time since last request: 0.000018 seconds.
  path: Assets/PolygonBattleRoyale/Models/SM_Chr_Attach_Ammo_01.fbx
  artifactKey: Guid(43b77ffcfe5bb2e4cb7c89bbfb8fa4ee) Importer(815301076,1909f56bfc062723c751e8b465ee728b)
Start importing Assets/PolygonBattleRoyale/Models/SM_Chr_Attach_Ammo_01.fbx using Guid(43b77ffcfe5bb2e4cb7c89bbfb8fa4ee) Importer(815301076,1909f56bfc062723c751e8b465ee728b)  -> (artifact id: '8d0b9449bef35f46219270de8872ca7e') in 0.016124 seconds
Number of updated asset objects reloaded before import = 0
Number of asset objects unloaded after import = 7
========================================================================
Received Import Request.
  Time since last request: 0.000013 seconds.
  path: Assets/PolygonBattleRoyale/Models/SM_Bld_Window_Bars_01.fbx
  artifactKey: Guid(3bf7a8c4c120f584f8a5ca9ffc412f5a) Importer(815301076,1909f56bfc062723c751e8b465ee728b)
Start importing Assets/PolygonBattleRoyale/Models/SM_Bld_Window_Bars_01.fbx using Guid(3bf7a8c4c120f584f8a5ca9ffc412f5a) Importer(815301076,1909f56bfc062723c751e8b465ee728b)  -> (artifact id: '8517673bec2adfb17077fd3007395701') in 0.014701 seconds
Number of updated asset objects reloaded before import = 0
Number of asset objects unloaded after import = 7
========================================================================
Received Import Request.
  Time since last request: 0.000015 seconds.
  path: Assets/PolygonBattleRoyale/Models/SM_Char_Attach_Bag_Lvl1.fbx
  artifactKey: Guid(962d5455d32327449b124c2b63d0ff03) Importer(815301076,1909f56bfc062723c751e8b465ee728b)
Start importing Assets/PolygonBattleRoyale/Models/SM_Char_Attach_Bag_Lvl1.fbx using Guid(962d5455d32327449b124c2b63d0ff03) Importer(815301076,1909f56bfc062723c751e8b465ee728b)  -> (artifact id: '023bf65509340cb8d187f8581b74f203') in 0.014630 seconds
Number of updated asset objects reloaded before import = 0
Number of asset objects unloaded after import = 7
========================================================================
Received Import Request.
  Time since last request: 1.905145 seconds.
  path: Assets/PolygonBattleRoyale/Models/SM_Chr_Attach_Female_Default_Hair_01.fbx
  artifactKey: Guid(3f7f8a30312aff2499b31478228dac7c) Importer(815301076,1909f56bfc062723c751e8b465ee728b)
Start importing Assets/PolygonBattleRoyale/Models/SM_Chr_Attach_Female_Default_Hair_01.fbx using Guid(3f7f8a30312aff2499b31478228dac7c) Importer(815301076,1909f56bfc062723c751e8b465ee728b)  -> (artifact id: '0cc15dc9ff17f03bfa3e76f7939e6f24') in 0.023061 seconds
Number of updated asset objects reloaded before import = 0
Number of asset objects unloaded after import = 7
========================================================================
Received Import Request.
  Time since last request: 0.000018 seconds.
  path: Assets/PolygonBattleRoyale/Models/SM_Chr_Attach_Hat_Beer_01.fbx
  artifactKey: Guid(21d22835c7dee9448894854b5ab4ba3e) Importer(815301076,1909f56bfc062723c751e8b465ee728b)
Start importing Assets/PolygonBattleRoyale/Models/SM_Chr_Attach_Hat_Beer_01.fbx using Guid(21d22835c7dee9448894854b5ab4ba3e) Importer(815301076,1909f56bfc062723c751e8b465ee728b)  -> (artifact id: '01c6e149d914f31676ad9dd830851512') in 0.020603 seconds
Number of updated asset objects reloaded before import = 0
Number of asset objects unloaded after import = 7
========================================================================
Received Import Request.
  Time since last request: 0.000019 seconds.
  path: Assets/PolygonBattleRoyale/Models/SM_Chr_Attach_Female_Hair_Pigtails_01.fbx
  artifactKey: Guid(c10770891c6b7614b89f637e2e0aacbe) Importer(815301076,1909f56bfc062723c751e8b465ee728b)
Start importing Assets/PolygonBattleRoyale/Models/SM_Chr_Attach_Female_Hair_Pigtails_01.fbx using Guid(c10770891c6b7614b89f637e2e0aacbe) Importer(815301076,1909f56bfc062723c751e8b465ee728b)  -> (artifact id: '496b9102611ef08c723421464c393b42') in 0.017376 seconds
Number of updated asset objects reloaded before import = 0
Number of asset objects unloaded after import = 7
========================================================================
Received Import Request.
  Time since last request: 0.742731 seconds.
  path: Assets/PolygonBattleRoyale/Models/SM_Chr_Attach_Hat_Cowboy_01.fbx
  artifactKey: Guid(593e2d822395bb7468fb257c72b344fe) Importer(815301076,1909f56bfc062723c751e8b465ee728b)
Start importing Assets/PolygonBattleRoyale/Models/SM_Chr_Attach_Hat_Cowboy_01.fbx using Guid(593e2d822395bb7468fb257c72b344fe) Importer(815301076,1909f56bfc062723c751e8b465ee728b)  -> (artifact id: '1da647259cc0862d7a7f295ddf1d5f7e') in 0.027101 seconds
Number of updated asset objects reloaded before import = 0
Number of asset objects unloaded after import = 7
========================================================================
Received Import Request.
  Time since last request: 0.000015 seconds.
  path: Assets/PolygonBattleRoyale/Models/SM_Chr_Attach_Hat_Cupcake_01.fbx
  artifactKey: Guid(0c59f781bb19d72449c27a86489a704f) Importer(815301076,1909f56bfc062723c751e8b465ee728b)
Start importing Assets/PolygonBattleRoyale/Models/SM_Chr_Attach_Hat_Cupcake_01.fbx using Guid(0c59f781bb19d72449c27a86489a704f) Importer(815301076,1909f56bfc062723c751e8b465ee728b)  -> (artifact id: 'f2961e89128e03095e8a12e40ae724c7') in 0.019654 seconds
Number of updated asset objects reloaded before import = 0
Number of asset objects unloaded after import = 7
========================================================================
Received Import Request.
  Time since last request: 0.000019 seconds.
  path: Assets/PolygonBattleRoyale/Models/SM_Chr_Attach_Hat_Tacticle_01.fbx
  artifactKey: Guid(9791e0bc787af4246930451ad26fdc37) Importer(815301076,1909f56bfc062723c751e8b465ee728b)
Start importing Assets/PolygonBattleRoyale/Models/SM_Chr_Attach_Hat_Tacticle_01.fbx using Guid(9791e0bc787af4246930451ad26fdc37) Importer(815301076,1909f56bfc062723c751e8b465ee728b)  -> (artifact id: '50bd49d0acee611687421eb5964dc183') in 0.015697 seconds
Number of updated asset objects reloaded before import = 0
Number of asset objects unloaded after import = 7
========================================================================
Received Import Request.
  Time since last request: 0.000014 seconds.
  path: Assets/PolygonBattleRoyale/Models/SM_Chr_Attach_Hat_Squid_01.fbx
  artifactKey: Guid(9c653cb21a833f44ead8d0a6285abe4c) Importer(815301076,1909f56bfc062723c751e8b465ee728b)
Start importing Assets/PolygonBattleRoyale/Models/SM_Chr_Attach_Hat_Squid_01.fbx using Guid(9c653cb21a833f44ead8d0a6285abe4c) Importer(815301076,1909f56bfc062723c751e8b465ee728b)  -> (artifact id: '670042973a5bc027cbc223f15980d2bb') in 0.016074 seconds
Number of updated asset objects reloaded before import = 0
Number of asset objects unloaded after import = 7
========================================================================
Received Import Request.
  Time since last request: 0.000016 seconds.
  path: Assets/PolygonBattleRoyale/Models/SM_Chr_Attach_Hat_Elf_01.fbx
  artifactKey: Guid(337fc3a9230648e49930044a2eea2a08) Importer(815301076,1909f56bfc062723c751e8b465ee728b)
Start importing Assets/PolygonBattleRoyale/Models/SM_Chr_Attach_Hat_Elf_01.fbx using Guid(337fc3a9230648e49930044a2eea2a08) Importer(815301076,1909f56bfc062723c751e8b465ee728b)  -> (artifact id: '447993a8154ee156e9c71b4fa3a05bac') in 0.015786 seconds
Number of updated asset objects reloaded before import = 0
Number of asset objects unloaded after import = 7
========================================================================
Received Import Request.
  Time since last request: 0.000011 seconds.
  path: Assets/PolygonBattleRoyale/Models/SM_Chr_Attach_Hat_Irish_01.fbx
  artifactKey: Guid(25520fa1a47af9640a7181c96c16526b) Importer(815301076,1909f56bfc062723c751e8b465ee728b)
Start importing Assets/PolygonBattleRoyale/Models/SM_Chr_Attach_Hat_Irish_01.fbx using Guid(25520fa1a47af9640a7181c96c16526b) Importer(815301076,1909f56bfc062723c751e8b465ee728b)  -> (artifact id: '99e9f41b45a266eb72d9443de0611ab8') in 0.015473 seconds
Number of updated asset objects reloaded before import = 0
Number of asset objects unloaded after import = 7
========================================================================
Received Import Request.
  Time since last request: 0.000026 seconds.
  path: Assets/PolygonBattleRoyale/Models/SM_Chr_Attach_Hat_Mil_01.fbx
  artifactKey: Guid(9c2cda8ea60423448a3f86a1e94bc82a) Importer(815301076,1909f56bfc062723c751e8b465ee728b)
Start importing Assets/PolygonBattleRoyale/Models/SM_Chr_Attach_Hat_Mil_01.fbx using Guid(9c2cda8ea60423448a3f86a1e94bc82a) Importer(815301076,1909f56bfc062723c751e8b465ee728b)  -> (artifact id: '89b1ed8e201d26e39de800453b02c771') in 0.015458 seconds
Number of updated asset objects reloaded before import = 0
Number of asset objects unloaded after import = 7
========================================================================
Received Import Request.
  Time since last request: 0.000016 seconds.
  path: Assets/PolygonBattleRoyale/Models/SM_Chr_Attach_Hat_Pot_01.fbx
  artifactKey: Guid(069663e548609ba44b8cdc865d992edc) Importer(815301076,1909f56bfc062723c751e8b465ee728b)
Start importing Assets/PolygonBattleRoyale/Models/SM_Chr_Attach_Hat_Pot_01.fbx using Guid(069663e548609ba44b8cdc865d992edc) Importer(815301076,1909f56bfc062723c751e8b465ee728b)  -> (artifact id: 'f16822346d5c8c5aaff6737fe0202891') in 0.014308 seconds
Number of updated asset objects reloaded before import = 0
Number of asset objects unloaded after import = 7
========================================================================
Received Import Request.
  Time since last request: 0.709049 seconds.
  path: Assets/PolygonBattleRoyale/Models/SM_Chr_Attach_Hat_Unicorn_01.fbx
  artifactKey: Guid(9dcd4d3f1bfbcce4dbc16741ad5e5879) Importer(815301076,1909f56bfc062723c751e8b465ee728b)
Start importing Assets/PolygonBattleRoyale/Models/SM_Chr_Attach_Hat_Unicorn_01.fbx using Guid(9dcd4d3f1bfbcce4dbc16741ad5e5879) Importer(815301076,1909f56bfc062723c751e8b465ee728b)  -> (artifact id: '057bcdb7c767d27a71fb1451fd63273e') in 0.018533 seconds
Number of updated asset objects reloaded before import = 0
Number of asset objects unloaded after import = 7
========================================================================
Received Import Request.
  Time since last request: 0.000021 seconds.
  path: Assets/PolygonBattleRoyale/Models/SM_Chr_Attach_Male_Hair_01.fbx
  artifactKey: Guid(2728dc2ef47c15046a790f0beb621bf4) Importer(815301076,1909f56bfc062723c751e8b465ee728b)
Start importing Assets/PolygonBattleRoyale/Models/SM_Chr_Attach_Male_Hair_01.fbx using Guid(2728dc2ef47c15046a790f0beb621bf4) Importer(815301076,1909f56bfc062723c751e8b465ee728b)  -> (artifact id: '3c0cc811e6dc6f86bee249b6c3cd0088') in 0.016585 seconds
Number of updated asset objects reloaded before import = 0
Number of asset objects unloaded after import = 7
========================================================================
Received Import Request.
  Time since last request: 0.000014 seconds.
  path: Assets/PolygonBattleRoyale/Models/SM_Chr_Attach_Male_Hair_04.fbx
  artifactKey: Guid(59ec8bfc713213447bbf469d6c88c610) Importer(815301076,1909f56bfc062723c751e8b465ee728b)
Start importing Assets/PolygonBattleRoyale/Models/SM_Chr_Attach_Male_Hair_04.fbx using Guid(59ec8bfc713213447bbf469d6c88c610) Importer(815301076,1909f56bfc062723c751e8b465ee728b)  -> (artifact id: '07dbccbc5f0995770d1ea2301c923ff0') in 0.017059 seconds
Number of updated asset objects reloaded before import = 0
Number of asset objects unloaded after import = 7
========================================================================
Received Import Request.
  Time since last request: 0.000017 seconds.
  path: Assets/PolygonBattleRoyale/Models/SM_Chr_Attach_Pouch_04.fbx
  artifactKey: Guid(ad0597e498d01654990b8bcd975bde39) Importer(815301076,1909f56bfc062723c751e8b465ee728b)
Start importing Assets/PolygonBattleRoyale/Models/SM_Chr_Attach_Pouch_04.fbx using Guid(ad0597e498d01654990b8bcd975bde39) Importer(815301076,1909f56bfc062723c751e8b465ee728b)  -> (artifact id: 'a7d35e708e54278296c673074f86bb6f') in 0.014823 seconds
Number of updated asset objects reloaded before import = 0
Number of asset objects unloaded after import = 7
========================================================================
Received Import Request.
  Time since last request: 0.000014 seconds.
  path: Assets/PolygonBattleRoyale/Models/SM_Chr_Attach_Scarf_02.fbx
  artifactKey: Guid(4b3ab7a5c71cb33449fd4602a177fb73) Importer(815301076,1909f56bfc062723c751e8b465ee728b)
Start importing Assets/PolygonBattleRoyale/Models/SM_Chr_Attach_Scarf_02.fbx using Guid(4b3ab7a5c71cb33449fd4602a177fb73) Importer(815301076,1909f56bfc062723c751e8b465ee728b)  -> (artifact id: '3d84f41cd3f0cdc475cea91c86644669') in 0.016955 seconds
Number of updated asset objects reloaded before import = 0
Number of asset objects unloaded after import = 7
========================================================================
Received Import Request.
  Time since last request: 0.000018 seconds.
  path: Assets/PolygonBattleRoyale/Models/SM_Chr_Patch_Flag_01.fbx
  artifactKey: Guid(1811907655e334d4e98716b81a2824e9) Importer(815301076,1909f56bfc062723c751e8b465ee728b)
Start importing Assets/PolygonBattleRoyale/Models/SM_Chr_Patch_Flag_01.fbx using Guid(1811907655e334d4e98716b81a2824e9) Importer(815301076,1909f56bfc062723c751e8b465ee728b)  -> (artifact id: 'fd5f9d8ab3739279579cafab4d526fda') in 0.015107 seconds
Number of updated asset objects reloaded before import = 0
Number of asset objects unloaded after import = 7
========================================================================
Received Import Request.
  Time since last request: 0.000020 seconds.
  path: Assets/PolygonBattleRoyale/Models/SM_Chr_Attach_Pouch_02.fbx
  artifactKey: Guid(fecffd4ed95d4f2419dd0414399c2a3b) Importer(815301076,1909f56bfc062723c751e8b465ee728b)
Start importing Assets/PolygonBattleRoyale/Models/SM_Chr_Attach_Pouch_02.fbx using Guid(fecffd4ed95d4f2419dd0414399c2a3b) Importer(815301076,1909f56bfc062723c751e8b465ee728b)  -> (artifact id: '128e986cc2568ee5f45a625e2faf3c89') in 0.015721 seconds
Number of updated asset objects reloaded before import = 0
Number of asset objects unloaded after import = 7
========================================================================
Received Import Request.
  Time since last request: 0.000018 seconds.
  path: Assets/PolygonBattleRoyale/Models/SM_Chr_Attach_Male_Hair_03.fbx
  artifactKey: Guid(94224a98d86530d4eb38b51c723d4bdd) Importer(815301076,1909f56bfc062723c751e8b465ee728b)
Start importing Assets/PolygonBattleRoyale/Models/SM_Chr_Attach_Male_Hair_03.fbx using Guid(94224a98d86530d4eb38b51c723d4bdd) Importer(815301076,1909f56bfc062723c751e8b465ee728b)  -> (artifact id: '37a6d5573b9120fba5c277cdbdb51860') in 0.014301 seconds
Number of updated asset objects reloaded before import = 0
Number of asset objects unloaded after import = 7
========================================================================
Received Import Request.
  Time since last request: 2.383698 seconds.
  path: Assets/PolygonBattleRoyale/Models/Characters/SM_Char_Attach_Bag_01.fbx
  artifactKey: Guid(10e3b3f7b80daf24591cfb93ae877964) Importer(815301076,1909f56bfc062723c751e8b465ee728b)
Start importing Assets/PolygonBattleRoyale/Models/Characters/SM_Char_Attach_Bag_01.fbx using Guid(10e3b3f7b80daf24591cfb93ae877964) Importer(815301076,1909f56bfc062723c751e8b465ee728b)  -> (artifact id: 'f5dbd1c5138b7718294bab956c3ab950') in 0.019157 seconds
Number of updated asset objects reloaded before import = 0
Number of asset objects unloaded after import = 9
========================================================================
Received Import Request.
  Time since last request: 0.000015 seconds.
  path: Assets/PolygonBattleRoyale/Models/Characters/SM_Char_Attach_Male_Armor_02.fbx
  artifactKey: Guid(63395104c32c64e4f8270ac5a6a55780) Importer(815301076,1909f56bfc062723c751e8b465ee728b)
Start importing Assets/PolygonBattleRoyale/Models/Characters/SM_Char_Attach_Male_Armor_02.fbx using Guid(63395104c32c64e4f8270ac5a6a55780) Importer(815301076,1909f56bfc062723c751e8b465ee728b)  -> (artifact id: '3afcc6bba750f503b62dee9564411b97') in 0.016346 seconds
Number of updated asset objects reloaded before import = 0
Number of asset objects unloaded after import = 9
========================================================================
Received Import Request.
  Time since last request: 0.000017 seconds.
  path: Assets/PolygonBattleRoyale/Models/Characters/SM_Char_Attach_Female_Armor_03.fbx
  artifactKey: Guid(2f2ff143482b98642a02a64984ae72c6) Importer(815301076,1909f56bfc062723c751e8b465ee728b)
Start importing Assets/PolygonBattleRoyale/Models/Characters/SM_Char_Attach_Female_Armor_03.fbx using Guid(2f2ff143482b98642a02a64984ae72c6) Importer(815301076,1909f56bfc062723c751e8b465ee728b)  -> (artifact id: '1b8b2b955d6dd18eecf6ad05597c5578') in 0.017757 seconds
Number of updated asset objects reloaded before import = 0
Number of asset objects unloaded after import = 9
========================================================================
Received Import Request.
  Time since last request: 0.000024 seconds.
  path: Assets/PolygonBattleRoyale/Models/Characters/SM_Char_Attach_Helmet_03.fbx
  artifactKey: Guid(2e1e9afd53aa9df4ab7bd2e4f350eab5) Importer(815301076,1909f56bfc062723c751e8b465ee728b)
Start importing Assets/PolygonBattleRoyale/Models/Characters/SM_Char_Attach_Helmet_03.fbx using Guid(2e1e9afd53aa9df4ab7bd2e4f350eab5) Importer(815301076,1909f56bfc062723c751e8b465ee728b)  -> (artifact id: 'a5e6b46a9a7a3c81104cb6e84e54476b') in 0.015272 seconds
Number of updated asset objects reloaded before import = 0
Number of asset objects unloaded after import = 7
========================================================================
Received Import Request.
  Time since last request: 0.000021 seconds.
  path: Assets/PolygonBattleRoyale/Models/Characters/SM_PickUp_Armor_02.fbx
  artifactKey: Guid(ba07778564f493f45b827233331b6c49) Importer(815301076,1909f56bfc062723c751e8b465ee728b)
Start importing Assets/PolygonBattleRoyale/Models/Characters/SM_PickUp_Armor_02.fbx using Guid(ba07778564f493f45b827233331b6c49) Importer(815301076,1909f56bfc062723c751e8b465ee728b)  -> (artifact id: '78922648bd6bc5bf7700a116f35dd186') in 0.015383 seconds
Number of updated asset objects reloaded before import = 0
Number of asset objects unloaded after import = 7
========================================================================
Received Import Request.
  Time since last request: 0.000015 seconds.
  path: Assets/PolygonBattleRoyale/Models/Characters/SM_Char_Attach_Male_Armor_03.fbx
  artifactKey: Guid(ef43bc9dfae515146a0543d4143a51da) Importer(815301076,1909f56bfc062723c751e8b465ee728b)
Start importing Assets/PolygonBattleRoyale/Models/Characters/SM_Char_Attach_Male_Armor_03.fbx using Guid(ef43bc9dfae515146a0543d4143a51da) Importer(815301076,1909f56bfc062723c751e8b465ee728b)  -> (artifact id: '3e27a8360e8bb3f7b7d9cf2e91c9390f') in 0.015595 seconds
Number of updated asset objects reloaded before import = 0
Number of asset objects unloaded after import = 9
========================================================================
Received Import Request.
  Time since last request: 0.000016 seconds.
  path: Assets/PolygonBattleRoyale/Models/Characters/SM_PickUp_Bag_03.fbx
  artifactKey: Guid(063cba390bf5fdc4e98d887b4c3ba235) Importer(815301076,1909f56bfc062723c751e8b465ee728b)
Start importing Assets/PolygonBattleRoyale/Models/Characters/SM_PickUp_Bag_03.fbx using Guid(063cba390bf5fdc4e98d887b4c3ba235) Importer(815301076,1909f56bfc062723c751e8b465ee728b)  -> (artifact id: '73e3395214757feb6c7ec9fa157c744e') in 0.016109 seconds
Number of updated asset objects reloaded before import = 0
Number of asset objects unloaded after import = 7
========================================================================
Received Import Request.
  Time since last request: 0.000014 seconds.
  path: Assets/PolygonBattleRoyale/Models/Characters/SM_PickUp_Bag_01.fbx
  artifactKey: Guid(99c42e85cfad1574694894850e1081d9) Importer(815301076,1909f56bfc062723c751e8b465ee728b)
Start importing Assets/PolygonBattleRoyale/Models/Characters/SM_PickUp_Bag_01.fbx using Guid(99c42e85cfad1574694894850e1081d9) Importer(815301076,1909f56bfc062723c751e8b465ee728b)  -> (artifact id: 'ddbad07770152c20c20b9b2d490f665e') in 0.015230 seconds
Number of updated asset objects reloaded before import = 0
Number of asset objects unloaded after import = 7
========================================================================
Received Import Request.
  Time since last request: 0.000016 seconds.
  path: Assets/PolygonBattleRoyale/Models/Characters/SM_Char_Attach_Bedroll_01.fbx
  artifactKey: Guid(42275688c4eb205469ae282a673b9399) Importer(815301076,1909f56bfc062723c751e8b465ee728b)
Start importing Assets/PolygonBattleRoyale/Models/Characters/SM_Char_Attach_Bedroll_01.fbx using Guid(42275688c4eb205469ae282a673b9399) Importer(815301076,1909f56bfc062723c751e8b465ee728b)  -> (artifact id: 'ea1e6c7bb0391f674fb4cf1bad155ddf') in 0.015922 seconds
Number of updated asset objects reloaded before import = 0
Number of asset objects unloaded after import = 9
========================================================================
Received Import Request.
  Time since last request: 0.000017 seconds.
  path: Assets/PolygonBattleRoyale/Models/Characters/SM_Char_Attach_Bedroll_02.fbx
  artifactKey: Guid(16dbb4dbc99141a409bb01efcf03b61f) Importer(815301076,1909f56bfc062723c751e8b465ee728b)
Start importing Assets/PolygonBattleRoyale/Models/Characters/SM_Char_Attach_Bedroll_02.fbx using Guid(16dbb4dbc99141a409bb01efcf03b61f) Importer(815301076,1909f56bfc062723c751e8b465ee728b)  -> (artifact id: '1010c6278aeb75cef131c1ae742e72c8') in 0.015074 seconds
Number of updated asset objects reloaded before import = 0
Number of asset objects unloaded after import = 9
========================================================================
Received Import Request.
  Time since last request: 36.744125 seconds.
  path: Assets/PolygonBattleRoyale/Textures/PolygonBattleRoyale_Plane_01.png
  artifactKey: Guid(19ea72d58a23c8945a08d350d0de7bca) Importer(815301076,1909f56bfc062723c751e8b465ee728b)
Start importing Assets/PolygonBattleRoyale/Textures/PolygonBattleRoyale_Plane_01.png using Guid(19ea72d58a23c8945a08d350d0de7bca) Importer(815301076,1909f56bfc062723c751e8b465ee728b)  -> (artifact id: '6ab6be11b1c111a5cbccd8554d360b8e') in 0.037621 seconds
Number of updated asset objects reloaded before import = 0
Number of asset objects unloaded after import = 2
========================================================================
Received Import Request.
  Time since last request: 0.000013 seconds.
  path: Assets/PolygonBattleRoyale/Textures/PolygonBattleRoyale_Texture_02_A.png
  artifactKey: Guid(68473887a56261c468aed34fa563d90a) Importer(815301076,1909f56bfc062723c751e8b465ee728b)
Start importing Assets/PolygonBattleRoyale/Textures/PolygonBattleRoyale_Texture_02_A.png using Guid(68473887a56261c468aed34fa563d90a) Importer(815301076,1909f56bfc062723c751e8b465ee728b)  -> (artifact id: '6d409c70cab206855d74957a87c859ef') in 0.032360 seconds
Number of updated asset objects reloaded before import = 0
Number of asset objects unloaded after import = 2
========================================================================
Received Import Request.
  Time since last request: 0.000013 seconds.
  path: Assets/PolygonBattleRoyale/Textures/PolygonBattleRoyale_Vehicles_03.png
  artifactKey: Guid(7d399a5372b7e2546937d1214ac78599) Importer(815301076,1909f56bfc062723c751e8b465ee728b)
Start importing Assets/PolygonBattleRoyale/Textures/PolygonBattleRoyale_Vehicles_03.png using Guid(7d399a5372b7e2546937d1214ac78599) Importer(815301076,1909f56bfc062723c751e8b465ee728b)  -> (artifact id: 'bac5984834570039b1cccb1a124e6e05') in 0.024301 seconds
Number of updated asset objects reloaded before import = 0
Number of asset objects unloaded after import = 2
========================================================================
Received Import Request.
  Time since last request: 0.000014 seconds.
  path: Assets/PolygonBattleRoyale/Textures/PolygonBattleRoyale_Texture_03_A.png
  artifactKey: Guid(73914a722b634fe47a3af9593439440d) Importer(815301076,1909f56bfc062723c751e8b465ee728b)
Start importing Assets/PolygonBattleRoyale/Textures/PolygonBattleRoyale_Texture_03_A.png using Guid(73914a722b634fe47a3af9593439440d) Importer(815301076,1909f56bfc062723c751e8b465ee728b)  -> (artifact id: '81ceb8332f2244a9ac861c476ccd955a') in 0.025629 seconds
Number of updated asset objects reloaded before import = 0
Number of asset objects unloaded after import = 2
========================================================================
Received Import Request.
  Time since last request: 0.000017 seconds.
  path: Assets/PolygonBattleRoyale/Textures/PolygonBattleRoyale_Plane_04.png
  artifactKey: Guid(301b87aaa09bb8944bbf28684b194bba) Importer(815301076,1909f56bfc062723c751e8b465ee728b)
Start importing Assets/PolygonBattleRoyale/Textures/PolygonBattleRoyale_Plane_04.png using Guid(301b87aaa09bb8944bbf28684b194bba) Importer(815301076,1909f56bfc062723c751e8b465ee728b)  -> (artifact id: '42d9812e526521f774c5c96129d746f8') in 0.029240 seconds
Number of updated asset objects reloaded before import = 0
Number of asset objects unloaded after import = 2
========================================================================
Received Import Request.
  Time since last request: 0.000017 seconds.
  path: Assets/PolygonBattleRoyale/Textures/PolygonBattleRoyale_Texture_04_B.png
  artifactKey: Guid(95ea9c35d710f1a4f9d664aa472ad042) Importer(815301076,1909f56bfc062723c751e8b465ee728b)
Start importing Assets/PolygonBattleRoyale/Textures/PolygonBattleRoyale_Texture_04_B.png using Guid(95ea9c35d710f1a4f9d664aa472ad042) Importer(815301076,1909f56bfc062723c751e8b465ee728b)  -> (artifact id: 'aefea536299a2a214bc01d0d15ff4901') in 0.032919 seconds
Number of updated asset objects reloaded before import = 0
Number of asset objects unloaded after import = 2
========================================================================
Received Import Request.
  Time since last request: 0.000017 seconds.
  path: Assets/PolygonBattleRoyale/Textures/PolygonBattleRoyale_Spotlight_01_Emmision.png
  artifactKey: Guid(5578398a798abb942bf68b1fd383c475) Importer(815301076,1909f56bfc062723c751e8b465ee728b)
Start importing Assets/PolygonBattleRoyale/Textures/PolygonBattleRoyale_Spotlight_01_Emmision.png using Guid(5578398a798abb942bf68b1fd383c475) Importer(815301076,1909f56bfc062723c751e8b465ee728b)  -> (artifact id: 'ce945cf39969e067610ed6d2b586b181') in 0.036488 seconds
Number of updated asset objects reloaded before import = 0
Number of asset objects unloaded after import = 2
========================================================================
Received Import Request.
  Time since last request: 0.000037 seconds.
  path: Assets/PolygonBattleRoyale/Textures/PolygonBattleRoyale_Road_01.png
  artifactKey: Guid(6481596871fd2b34fbb71814c2ce6a64) Importer(815301076,1909f56bfc062723c751e8b465ee728b)
Start importing Assets/PolygonBattleRoyale/Textures/PolygonBattleRoyale_Road_01.png using Guid(6481596871fd2b34fbb71814c2ce6a64) Importer(815301076,1909f56bfc062723c751e8b465ee728b)  -> (artifact id: '0d2019d2355e376699577433450a7ad6') in 0.029011 seconds
Number of updated asset objects reloaded before import = 0
Number of asset objects unloaded after import = 2
========================================================================
Received Import Request.
  Time since last request: 0.000015 seconds.
  path: Assets/PolygonBattleRoyale/Textures/PolygonBattleRoyale_Vehicles_01.png
  artifactKey: Guid(d03f7309b75451b4dbb8c3a68cd9fdca) Importer(815301076,1909f56bfc062723c751e8b465ee728b)
Start importing Assets/PolygonBattleRoyale/Textures/PolygonBattleRoyale_Vehicles_01.png using Guid(d03f7309b75451b4dbb8c3a68cd9fdca) Importer(815301076,1909f56bfc062723c751e8b465ee728b)  -> (artifact id: '146bf930fc2ab6dbf1ab588a5b9290e0') in 0.023615 seconds
Number of updated asset objects reloaded before import = 0
Number of asset objects unloaded after import = 2
========================================================================
Received Prepare
Begin MonoManager ReloadAssembly
- Loaded All Assemblies, in  0.362 seconds
Refreshing native plugins compatible for Editor in 3.47 ms, found 3 plugins.
Native extension for WindowsStandalone target not found
Native extension for Android target not found
Native extension for WebGL target not found
[Package Manager] Server::EnsureServerProcessIsRunning -- launch failed, reason: Unity was launched with the -noUpm command-line argument
[Package Manager] UpmClient::Send -- Unable to send message (not connected to UPM process).
[Package Manager] Cannot connect to Unity Package Manager local server
Mono: successfully reloaded assembly
- Finished resetting the current domain, in  0.753 seconds
Domain Reload Profiling: 1114ms
	BeginReloadAssembly (126ms)
		ExecutionOrderSort (0ms)
		DisableScriptedObjects (3ms)
		BackupInstance (0ms)
		ReleaseScriptingObjects (0ms)
		CreateAndSetChildDomain (29ms)
	RebuildCommonClasses (32ms)
	RebuildNativeTypeToScriptingClass (14ms)
	initialDomainReloadingComplete (28ms)
	LoadAllAssembliesAndSetupDomain (160ms)
		LoadAssemblies (217ms)
		RebuildTransferFunctionScriptingTraits (0ms)
		AnalyzeDomain (11ms)
			TypeCache.Refresh (6ms)
				TypeCache.ScanAssembly (0ms)
			ScanForSourceGeneratedMonoScriptInfo (0ms)
			ResolveRequiredComponents (3ms)
	FinalizeReload (754ms)
		ReleaseScriptCaches (0ms)
		RebuildScriptCaches (0ms)
		SetupLoadedEditorAssemblies (410ms)
			LogAssemblyErrors (0ms)
			InitializePlatformSupportModulesInManaged (23ms)
			SetLoadedEditorAssemblies (4ms)
			RefreshPlugins (0ms)
			BeforeProcessingInitializeOnLoad (50ms)
			ProcessInitializeOnLoadAttributes (306ms)
			ProcessInitializeOnLoadMethodAttributes (23ms)
			AfterProcessingInitializeOnLoad (3ms)
			EditorAssembliesLoaded (0ms)
		ExecutionOrderSort2 (0ms)
		AwakeInstancesAfterBackupRestoration (4ms)
Refreshing native plugins compatible for Editor in 2.18 ms, found 3 plugins.
Preloading 0 native plugins for Editor in 0.00 ms.
Unloading 3442 Unused Serialized files (Serialized files now loaded: 0)
Unloading 24 unused Assets / (85.5 KB). Loaded Objects now: 4003.
Memory consumption went from 150.6 MB to 150.5 MB.
Total: 2.436500 ms (FindLiveObjects: 0.179600 ms CreateObjectMapping: 0.074200 ms MarkObjects: 2.093400 ms  DeleteObjects: 0.088200 ms)

Prepare: number of updated asset objects reloaded= 0
AssetImportParameters requested are different than current active one (requested -> active):
  custom:container-demuxer-ogg: 62fdf1f143b41e24485cea50d1cbac27 -> 
  custom:video-codec-MediaFoundation-h265: 746d11721c4dcdbdad8f713fa42b33f4 -> 
  custom:video-decoder-ogg-theora: a1e56fd34408186e4bbccfd4996cb3dc -> 
  custom:framework-win-MediaFoundation: 216162199b28c13a410421893ffa2e32 -> 
  custom:CustomObjectIndexerAttribute: 9a22284fe3817be447336de3de66b15e -> 
  custom:container-demuxer-webm: 4f35f7cbe854078d1ac9338744f61a02 -> 
  custom:container-muxer-webm: aa71ff27fc2769a1b78a27578f13a17b -> 
  custom:video-decoder-webm-vp8: 9c59270c3fd7afecdb556c50c9e8de78 -> 
  custom:SearchIndexIgnoredProperties: e643bd26f0fe6173181afceb89e7c659 -> 
  custom:AudioImporter_EditorPlatform: d09bf68614088b80899f8185d706f6e7 -> 
  custom:video-encoder-webm-vp8: eb34c28f22e8b96e1ab97ce403110664 -> 
  custom:audio-decoder-ogg-vorbis: bf7c407c2cedff20999df2af8eb42d56 -> 
  custom:audio-encoder-webm-vorbis: bf7c407c2cedff20999df2af8eb42d56 -> 
Editor requested this worker to shutdown with reason: Scaling down because of idle timeout
TcpMessagingSession - receive error: operation aborted. errorcode: 995, details:  /   -       .
AssetImportWorker is now disconnected from the server
Process exiting
Exiting without the bug reporter. Application will terminate with return code 0